<?xml version="1.0" encoding="UTF-8"?>
<!-- Generated by org.testng.reporters.JUnitXMLReporter -->
<testsuite ignored="2" hostname="DESKTOP-SS9KUUU" failures="1" tests="2" name="Test" time="11.284" errors="0" timestamp="22 May 2023 05:54:53 GMT">
  <testcase classname="example.example.tests.GoogleSearchTest" name="Google search test" time="4.786"/>
  <testcase classname="example.example.tests.FaceBookLoginTest" name="Facebook login test" time="0.968">
    <failure type="java.lang.AssertionError" message="Login failed : Test failed expected [true] but found [false]">
      <![CDATA[java.lang.AssertionError: Login failed : Test failed expected [true] but found [false]
at example.example.tests.FaceBookLoginTest.facebookLoginTest(FaceBookLoginTest.java:22)
at java.base/java.util.concurrent.ThreadPoolExecutor.runWorker(ThreadPoolExecutor.java:1136)
at java.base/java.util.concurrent.ThreadPoolExecutor$Worker.run(ThreadPoolExecutor.java:635)
at java.base/java.lang.Thread.run(Thread.java:833)
... Removed 13 stack frames]]>
    </failure>
  </testcase> <!-- Facebook login test -->
  <testcase classname="example.example.tests.BaseTest" name="@AfterSuite wrapAllUp" time="0.0">
    <ignored/>
  </testcase> <!-- @AfterSuite wrapAllUp -->
  <testcase classname="example.example.tests.BaseTest" name="@BeforeSuite globalSetup" time="0.0">
    <ignored/>
  </testcase> <!-- @BeforeSuite globalSetup -->
</testsuite> <!-- Test -->
